2017-03-26 14:22:32.052  INFO 60306 --- [main] edu.luc.cs439.system.facility.Main       : Starting Main on jlroo.web-pass.com with PID 60306 (/Users/jlroo/space/LOYOLA/GRAD/S17/COMP439/workspace/FacilityManagment/facility/target/classes started by jlroo in /Users/jlroo/space/LOYOLA/GRAD/S17/COMP439/workspace/FacilityManagment/facility)
2017-03-26 14:22:32.060  INFO 60306 --- [main] edu.luc.cs439.system.facility.Main       : No active profile set, falling back to default profiles: default
2017-03-26 14:22:32.566  INFO 60306 --- [main] ationConfigEmbeddedWebApplicationContext : Refreshing org.springframework.boot.context.embedded.AnnotationConfigEmbeddedWebApplicationContext@6293abcc: startup date [Sun Mar 26 14:22:32 CDT 2017]; root of context hierarchy
2017-03-26 14:22:37.615  INFO 60306 --- [main] s.b.c.e.t.TomcatEmbeddedServletContainer : Tomcat initialized with port(s): 8080 (http)
2017-03-26 14:22:37.679  INFO 60306 --- [main] o.apache.catalina.core.StandardService   : Starting service Tomcat
2017-03-26 14:22:37.682  INFO 60306 --- [main] org.apache.catalina.core.StandardEngine  : Starting Servlet Engine: Apache Tomcat/8.5.11
2017-03-26 14:22:37.924  INFO 60306 --- [localhost-startStop-1] o.a.c.c.C.[Tomcat].[localhost].[/]       : Initializing Spring embedded WebApplicationContext
2017-03-26 14:22:37.925  INFO 60306 --- [localhost-startStop-1] o.s.web.context.ContextLoader            : Root WebApplicationContext: initialization completed in 5462 ms
2017-03-26 14:22:38.427  INFO 60306 --- [localhost-startStop-1] o.s.b.w.servlet.ServletRegistrationBean  : Mapping servlet: 'dispatcherServlet' to [/]
2017-03-26 14:22:38.432  INFO 60306 --- [localhost-startStop-1] o.s.b.w.servlet.FilterRegistrationBean   : Mapping filter: 'characterEncodingFilter' to: [/*]
2017-03-26 14:22:38.433  INFO 60306 --- [localhost-startStop-1] o.s.b.w.servlet.FilterRegistrationBean   : Mapping filter: 'hiddenHttpMethodFilter' to: [/*]
2017-03-26 14:22:38.433  INFO 60306 --- [localhost-startStop-1] o.s.b.w.servlet.FilterRegistrationBean   : Mapping filter: 'httpPutFormContentFilter' to: [/*]
2017-03-26 14:22:38.434  INFO 60306 --- [localhost-startStop-1] o.s.b.w.servlet.FilterRegistrationBean   : Mapping filter: 'requestContextFilter' to: [/*]
2017-03-26 14:22:39.032  INFO 60306 --- [main] s.w.s.m.m.a.RequestMappingHandlerAdapter : Looking for @ControllerAdvice: org.springframework.boot.context.embedded.AnnotationConfigEmbeddedWebApplicationContext@6293abcc: startup date [Sun Mar 26 14:22:32 CDT 2017]; root of context hierarchy
2017-03-26 14:22:39.180  INFO 60306 --- [main] s.w.s.m.m.a.RequestMappingHandlerMapping : Mapped "{[/chaos/rate/{rate}],produces=[application/json]}" onto public java.lang.String edu.luc.cs439.system.facility.web.controllers.ChaosController.setRate(int)
2017-03-26 14:22:39.184  INFO 60306 --- [main] s.w.s.m.m.a.RequestMappingHandlerMapping : Mapped "{[/facility/{id}],produces=[application/json]}" onto public java.lang.String edu.luc.cs439.system.facility.web.controllers.FacilityController.getFacility(int)
2017-03-26 14:22:39.184  INFO 60306 --- [main] s.w.s.m.m.a.RequestMappingHandlerMapping : Mapped "{[/facility/add],produces=[application/json]}" onto public java.lang.String edu.luc.cs439.system.facility.web.controllers.FacilityController.addFacility(int,int,java.lang.Boolean,int,java.lang.String,java.lang.String,java.lang.String,java.lang.Boolean,java.lang.String)
2017-03-26 14:22:39.185  INFO 60306 --- [main] s.w.s.m.m.a.RequestMappingHandlerMapping : Mapped "{[/facility/delete],produces=[application/json]}" onto public java.lang.String edu.luc.cs439.system.facility.web.controllers.FacilityController.cleanDB()
2017-03-26 14:22:39.187  INFO 60306 --- [main] s.w.s.m.m.a.RequestMappingHandlerMapping : Mapped "{[/facility/all],produces=[application/json]}" onto public java.lang.String edu.luc.cs439.system.facility.web.controllers.FacilityController.getALL()
2017-03-26 14:22:39.188  INFO 60306 --- [main] s.w.s.m.m.a.RequestMappingHandlerMapping : Mapped "{[/facility/delete/{id}],produces=[application/json]}" onto public java.lang.String edu.luc.cs439.system.facility.web.controllers.FacilityController.deleteByID(int)
2017-03-26 14:22:39.191  INFO 60306 --- [main] s.w.s.m.m.a.RequestMappingHandlerMapping : Mapped "{[/facility/maintenance/{id}],produces=[application/json]}" onto public java.lang.String edu.luc.cs439.system.facility.web.controllers.MaintenanceController.getFacility(int)
2017-03-26 14:22:39.191  INFO 60306 --- [main] s.w.s.m.m.a.RequestMappingHandlerMapping : Mapped "{[/facility/maintenance/add],produces=[application/json]}" onto public java.lang.String edu.luc.cs439.system.facility.web.controllers.MaintenanceController.addMaintenance(int,java.lang.String,java.lang.String,int,java.lang.String)
2017-03-26 14:22:39.192  INFO 60306 --- [main] s.w.s.m.m.a.RequestMappingHandlerMapping : Mapped "{[/facility/maintenance/all],produces=[application/json]}" onto public java.lang.String edu.luc.cs439.system.facility.web.controllers.MaintenanceController.getALL()
2017-03-26 14:22:39.192  INFO 60306 --- [main] s.w.s.m.m.a.RequestMappingHandlerMapping : Mapped "{[/facility/maintenance/delete/{id}],produces=[application/json]}" onto public java.lang.String edu.luc.cs439.system.facility.web.controllers.MaintenanceController.deleteByID(int)
2017-03-26 14:22:39.195  INFO 60306 --- [main] s.w.s.m.m.a.RequestMappingHandlerMapping : Mapped "{[/facility/use/{id}],produces=[application/json]}" onto public java.lang.String edu.luc.cs439.system.facility.web.controllers.UseController.getMaintenance(int)
2017-03-26 14:22:39.195  INFO 60306 --- [main] s.w.s.m.m.a.RequestMappingHandlerMapping : Mapped "{[/facility/use/add],produces=[application/json]}" onto public java.lang.String edu.luc.cs439.system.facility.web.controllers.UseController.addFacilityUse(int,int,java.lang.String,java.lang.String,java.lang.Boolean,java.lang.String,java.lang.String,java.lang.Boolean,java.lang.String)
2017-03-26 14:22:39.195  INFO 60306 --- [main] s.w.s.m.m.a.RequestMappingHandlerMapping : Mapped "{[/facility/use/all],produces=[application/json]}" onto public java.lang.String edu.luc.cs439.system.facility.web.controllers.UseController.getALL()
2017-03-26 14:22:39.196  INFO 60306 --- [main] s.w.s.m.m.a.RequestMappingHandlerMapping : Mapped "{[/facility/use/delete/{id}],produces=[application/json]}" onto public java.lang.String edu.luc.cs439.system.facility.web.controllers.UseController.deleteByID(int)
2017-03-26 14:22:39.206  INFO 60306 --- [main] s.w.s.m.m.a.RequestMappingHandlerMapping : Mapped "{[/error]}" onto public org.springframework.http.ResponseEntity<java.util.Map<java.lang.String, java.lang.Object>> org.springframework.boot.autoconfigure.web.BasicErrorController.error(javax.servlet.http.HttpServletRequest)
2017-03-26 14:22:39.206  INFO 60306 --- [main] s.w.s.m.m.a.RequestMappingHandlerMapping : Mapped "{[/error],produces=[text/html]}" onto public org.springframework.web.servlet.ModelAndView org.springframework.boot.autoconfigure.web.BasicErrorController.errorHtml(javax.servlet.http.HttpServletRequest,javax.servlet.http.HttpServletResponse)
2017-03-26 14:22:39.265  INFO 60306 --- [main] o.s.w.s.handler.SimpleUrlHandlerMapping  : Mapped URL path [/webjars/**] onto handler of type [class org.springframework.web.servlet.resource.ResourceHttpRequestHandler]
2017-03-26 14:22:39.265  INFO 60306 --- [main] o.s.w.s.handler.SimpleUrlHandlerMapping  : Mapped URL path [/**] onto handler of type [class org.springframework.web.servlet.resource.ResourceHttpRequestHandler]
2017-03-26 14:22:39.325  INFO 60306 --- [main] o.s.w.s.handler.SimpleUrlHandlerMapping  : Mapped URL path [/**/favicon.ico] onto handler of type [class org.springframework.web.servlet.resource.ResourceHttpRequestHandler]
2017-03-26 14:22:39.870  INFO 60306 --- [main] o.s.j.e.a.AnnotationMBeanExporter        : Registering beans for JMX exposure on startup
2017-03-26 14:22:40.058  INFO 60306 --- [main] s.b.c.e.t.TomcatEmbeddedServletContainer : Tomcat started on port(s): 8080 (http)
2017-03-26 14:22:40.067  INFO 60306 --- [main] edu.luc.cs439.system.facility.Main       : Started Main in 9.349 seconds (JVM running for 12.22)
2017-03-26 14:22:50.198  INFO 60306 --- [Thread-3] ationConfigEmbeddedWebApplicationContext : Closing org.springframework.boot.context.embedded.AnnotationConfigEmbeddedWebApplicationContext@6293abcc: startup date [Sun Mar 26 14:22:32 CDT 2017]; root of context hierarchy
2017-03-26 14:22:50.199  INFO 60306 --- [Thread-3] o.s.j.e.a.AnnotationMBeanExporter        : Unregistering JMX-exposed beans on shutdown
